C51 COMPILER V9.52.0.0   LEDC                                                              11/11/2023 14:03:11 PAGE 1   


C51 COMPILER V9.52.0.0, COMPILATION OF MODULE LEDC
OBJECT MODULE PLACED IN ledC.OBJ
COMPILER INVOKED BY: C:\Keil_v5\C51\BIN\C51.EXE ledC.c BROWSE DEBUG OBJECTEXTEND TABS(2)

line level    source

   1          #include <at89x51.h>
   2          #include <stdio.h>
   3          #define LED0 P1_0
   4          #define LED1 P1_1
   5          #define LED2 P1_2
   6          #define LED3 P1_3
   7          #define LED4 P1_4
   8          #define LED5 P1_5
   9          #define LED6 P1_6
  10          #define LED7 P1_7
  11          #define sang 1
  12          #define tat 0
  13          //---------------
  14          void delay(unsigned int ms)
  15          {
  16   1      unsigned int i,j;
  17   1      for (i=0;i<ms;i++)
  18   1      for (j=0;j<120;j++)
  19   1      {}
  20   1      }
  21          //--------------
  22          void display_LED(unsigned char number)
  23          {
  24   1      switch(number)
  25   1      {
  26   2      case 1:
  27   2      LED0=sang;
  28   2      LED1=LED2=LED3=LED4=LED5=LED6=LED7=tat;
  29   2      break;
  30   2      case 2:
  31   2      LED1=sang;
  32   2      LED0=LED2=LED3=LED4=LED5=LED6=LED7=tat;
  33   2      break;
  34   2      case 3:
  35   2      LED2=sang;
  36   2      LED0=LED1=LED3=LED4=LED5=LED6=LED7=tat;
  37   2      break;
  38   2      case 4:
  39   2      LED3=sang;
  40   2      LED1=LED2=LED4=LED0=LED5=LED6=LED7=tat;
  41   2      break;
  42   2      case 5:
  43   2      LED4=sang;
  44   2      LED1=LED2=LED3=LED0=LED5=LED6=LED7=tat;
  45   2      break;
  46   2      case  6:
  47   2      LED5=sang;
  48   2      LED1=LED2=LED3=LED4=LED0=LED6=LED7=tat;
  49   2      break;
  50   2      case  7:
  51   2      LED6=sang;
  52   2      LED1=LED2=LED3=LED4=LED5=LED0=LED7=tat;
  53   2      break;
  54   2      case  8:
  55   2      LED7=sang;
C51 COMPILER V9.52.0.0   LEDC                                                              11/11/2023 14:03:11 PAGE 2   

  56   2      LED1=LED2=LED3=LED4=LED5=LED6=LED0=tat;
  57   2      break;
  58   2      }
  59   1      }
  60          main  ()
  61          {
  62   1      unsigned  char  m;
  63   1      while(1)
  64   1      {
  65   2      for (m=0;m<9;m++)
  66   2      {
  67   3      display_LED(m);delay(500);}
  68   2      }
  69   1      }


MODULE INFORMATION:   STATIC OVERLAYABLE
   CODE SIZE        =    213    ----
   CONSTANT SIZE    =   ----    ----
   XDATA SIZE       =   ----    ----
   PDATA SIZE       =   ----    ----
   DATA SIZE        =   ----    ----
   IDATA SIZE       =   ----    ----
   BIT SIZE         =   ----    ----
END OF MODULE INFORMATION.


C51 COMPILATION COMPLETE.  0 WARNING(S),  0 ERROR(S)
