C51 COMPILER V9.52.0.0   7SEGC                                                             11/11/2023 14:42:46 PAGE 1   


C51 COMPILER V9.52.0.0, COMPILATION OF MODULE 7SEGC
OBJECT MODULE PLACED IN 7segC.OBJ
COMPILER INVOKED BY: C:\Keil_v5\C51\BIN\C51.EXE 7segC.c BROWSE DEBUG OBJECTEXTEND TABS(2)

line level    source

   1          #include<at89x51.h>
   2          #define uchar unsigned char
   3          #define uint unsigned int
   4          
   5          void delay_ms(uint x);
   6          void giaima(void);
   7          void hienthi(void);
   8          
   9          uchar donvi, chuc;
  10          uint i, j, a;
  11          
  12          int dig[] = {0xC0, 0xF9, 0xA4, 0xB0, 0x99, 0x92, 0x82, 0xF8, 0x80, 0x90};
  13          
  14          void main(void) {
  15   1          while (1) {
  16   2              for (i = 0; i < 100; i++) {
  17   3                  a = i;
  18   3                  for (j = 0; j < 5000; j++) {
  19   4                      giaima();
  20   4                      hienthi();
  21   4                  }
  22   3              }
  23   2          }
  24   1      }
  25          
  26          // chuong trinh delay
  27          void delay_ms(uint x) {
  28   1          uchar k = 0;  // Initialize k
  29   1          while (x-- > 0) {
  30   2              for (k = 0; k < 125; k++) {
  31   3                  // your delay logic here
  32   3              }
  33   2          }
  34   1      }
  35          
  36          // chuong trinh giai ma
  37          void giaima(void) {
  38   1          chuc = a / 10;
  39   1          donvi = a % 10;
  40   1      }
  41          
  42          // chuong trinh hien thi
  43          void hienthi(void) {
  44   1          P0 = dig[donvi];
  45   1          P2 = dig[chuc];
  46   1      }
  47          
  48          


MODULE INFORMATION:   STATIC OVERLAYABLE
   CODE SIZE        =    135    ----
   CONSTANT SIZE    =   ----    ----
   XDATA SIZE       =   ----    ----
   PDATA SIZE       =   ----    ----
C51 COMPILER V9.52.0.0   7SEGC                                                             11/11/2023 14:42:46 PAGE 2   

   DATA SIZE        =     28    ----
   IDATA SIZE       =   ----    ----
   BIT SIZE         =   ----    ----
END OF MODULE INFORMATION.


C51 COMPILATION COMPLETE.  0 WARNING(S),  0 ERROR(S)
