C51 COMPILER V9.52.0.0   CAU_6                                                             12/09/2023 15:44:09 PAGE 1   


C51 COMPILER V9.52.0.0, COMPILATION OF MODULE CAU_6
OBJECT MODULE PLACED IN cau_6.OBJ
COMPILER INVOKED BY: C:\Keil\C51\BIN\C51.EXE cau_6.c BROWSE DEBUG OBJECTEXTEND TABS(2)

line level    source

   1          #include < at89x51.h>
   2          char so[]={0x40, 0x79, 0x24, 0x30, 0x19, 0x12, 0x02, 0x78, 0x00, 0x10};
   3          char maquet[] = {0xbf ,0xdf, 0xef, 0xf7, 0xfb , 0xfd, 0x7e};
   4          unsigned char chuso[7];
   5          unsigned long dem,temp;
   6          //
   7          void delay(int time){
   8   1        while(time--);
   9   1      }
  10          //
  11          void tachchuso(unsigned long temp , int led){
  12   1      int i ;
  13   1        for(i=0 ; i<led; i++){
  14   2          chuso[i]= temp%10;
  15   2          temp=temp/10;
  16   2          }
  17   1      } 
  18             //
  19          void quetled(int led){
  20   1      int i,j;
  21   1         for(i=0 ; i<10; i++){
  22   2          for(j=0;j<led;j++){
  23   3          P2 = maquet[j];
  24   3          P0 = so[chuso[j]];
  25   3          delay(500);
  26   3          P2 = 0Xff;
  27   3        }
  28   2        }
  29   1       }
  30          //
  31          void main(){
  32   1        while(1){  
  33   2                  for (dem = 98765; dem >= 0; dem--) {
  34   3                      if (P3_2 == 0) {
  35   4                        tachchuso(dem,5);
  36   4                        quetled(5); 
  37   4                          break;}  
  38   3                      while (P3_3==0) { 
  39   4      tachchuso(dem,5);
  40   4            quetled(5);  };             
  41   3            tachchuso(dem,5);
  42   3            quetled(5);
  43   3          
  44   3        }
  45   2      
  46   2      }
  47   1      }


MODULE INFORMATION:   STATIC OVERLAYABLE
   CODE SIZE        =    280    ----
   CONSTANT SIZE    =   ----    ----
   XDATA SIZE       =   ----    ----
   PDATA SIZE       =   ----    ----
   DATA SIZE        =     32      10
C51 COMPILER V9.52.0.0   CAU_6                                                             12/09/2023 15:44:09 PAGE 2   

   IDATA SIZE       =   ----    ----
   BIT SIZE         =   ----    ----
END OF MODULE INFORMATION.


C51 COMPILATION COMPLETE.  0 WARNING(S),  0 ERROR(S)
