C51 COMPILER V9.60.0.0   MAIN                                                              11/01/2023 14:51:05 PAGE 1   


C51 COMPILER V9.60.0.0, COMPILATION OF MODULE MAIN
OBJECT MODULE PLACED IN main.OBJ
COMPILER INVOKED BY: C:\Keil_v5\C51\BIN\C51.EXE main.c OPTIMIZE(8,SPEED) BROWSE DEBUG OBJECTEXTEND TABS(2)

line level    source

   1          /*******************************************************************************
   2          * 实 验 名     : 静态数码管实验
   3          * 使用的IO       : 数码管使用P0,
   4          * 实验效果       : 数码管显示数字
   5          * 注    意     ：
   6          *******************************************************************************/
   7          #include<reg51.h>
   8          
   9          #define GPIO_DIG P0
  10          
  11          #define GPIO_LED P2
  12          
  13          sbit LSA=P2^2;
  14          sbit LSB=P2^3;
  15          sbit LSC=P2^4;
  16          
  17          //RAM,ROM
  18          unsigned char code DIG_CODE[10]={0x3f,0x06,0x5b,0x4f,0x66,0x6d,0x7d,0x07,0x7f,0x6f};//显示0~9的值
  19          //0~9段码
  20          //0:0011_1111 
  21          /*******************************************************************************
  22          * 函 数 名         : main
  23          * 函数功能       : 主函数
  24          * 输    入         : 无
  25          * 输    出         : 无
  26          *******************************************************************************/
  27          
  28          
  29          void Delay(unsigned int a)//0~65535
  30          {
  31   1        unsigned char b;
  32   1        for(;a>0;a--)
  33   1        {
  34   2          for(b=110;b>0;b--);
  35   2        }
  36   1      }
  37          
  38          
  39          
  40          void main(void)
  41          {
  42   1        int i;
  43   1        P2 = 0;
  44   1      //我们可以理解为打开某一个数码管打开
  45   1        while(1)
  46   1        {
  47   2          for(i = 0; i< 8; i++){
  48   3            P2 = (i<<2);
  49   3            GPIO_DIG=DIG_CODE[i];
  50   3            Delay(1);
  51   3          }
  52   2        }       
  53   1      }


C51 COMPILER V9.60.0.0   MAIN                                                              11/01/2023 14:51:05 PAGE 2   

MODULE INFORMATION:   STATIC OVERLAYABLE
   CODE SIZE        =     86    ----
   CONSTANT SIZE    =     10    ----
   XDATA SIZE       =   ----    ----
   PDATA SIZE       =   ----    ----
   DATA SIZE        =   ----    ----
   IDATA SIZE       =   ----    ----
   BIT SIZE         =   ----    ----
END OF MODULE INFORMATION.


C51 COMPILATION COMPLETE.  0 WARNING(S),  0 ERROR(S)
