C51 COMPILER V9.52.0.0   PROP1                                                             11/24/2023 22:48:33 PAGE 1   


C51 COMPILER V9.52.0.0, COMPILATION OF MODULE PROP1
OBJECT MODULE PLACED IN prop1.OBJ
COMPILER INVOKED BY: C:\Keil\C51\BIN\C51.EXE prop1.c BROWSE DEBUG OBJECTEXTEND TABS(2)

line level    source

   1          #include <at89x51.h>
   2          void delay(int interval){
   3   1      int i,j;
   4   1      for(i=0;i<255;i++){
   5   2      for(j=0;j<interval;j++);
   6   2      }
   7   1      }
   8          void main(){
   9   1      while(1){
  10   2      //Kiem tra trang thai chan P1_0 (dau voi cong tac)
  11   2      if(P1_0 == 1){
  12   3      P0=0x55;
  13   3      delay(100);
  14   3      P0=0xAA;
  15   3      delay(100);}
  16   2      }
  17   1      }


MODULE INFORMATION:   STATIC OVERLAYABLE
   CODE SIZE        =     58    ----
   CONSTANT SIZE    =   ----    ----
   XDATA SIZE       =   ----    ----
   PDATA SIZE       =   ----    ----
   DATA SIZE        =   ----    ----
   IDATA SIZE       =   ----    ----
   BIT SIZE         =   ----    ----
END OF MODULE INFORMATION.


C51 COMPILATION COMPLETE.  0 WARNING(S),  0 ERROR(S)
