C51 COMPILER V9.52.0.0   CAU_3                                                             12/09/2023 15:40:36 PAGE 1   


C51 COMPILER V9.52.0.0, COMPILATION OF MODULE CAU_3
OBJECT MODULE PLACED IN cau_3.OBJ
COMPILER INVOKED BY: C:\Keil\C51\BIN\C51.EXE cau_3.c BROWSE DEBUG OBJECTEXTEND TABS(2)

line level    source

   1          #include <at89x51.h>
   2          
   3          // Global variables
   4          int count = 0;
   5          
   6          // Function to create a delay
   7          void delay_500ms() {
   8   1          unsigned int i, j;
   9   1          for (i = 0; i < 1000; i++) {
  10   2              for (j = 0; j < 100; j++);
  11   2          }
  12   1      }
  13          
  14          // Function to display a number on a 7-segment display
  15          void output_7seg(unsigned char value) {
  16   1          unsigned char const mask[10] = {0xC0, 0xF9, 0xA4, 0xB0, 0x99, 0x92, 0x82, 0xF8, 0x80, 0x90};
  17   1          if (value < 10) {
  18   2              P0 = mask[value];
  19   2          }
  20   1      }
  21          
  22          // External interrupt 0 service routine
  23          void EXT0_Process() interrupt 0 {
  24   1          EA = 0;      // Disable interrupts
  25   1          count++;     // Increment the count variable
  26   1          delay_500ms();  // Wait for approximately 500ms
  27   1          EA = 1;      // Enable interrupts
  28   1      }
  29          
  30          // Function to display a number on 7-segment displays
  31          void display_number(int iNum) {
  32   1          int i;
  33   1          unsigned char pos = 0x08;
  34   1          unsigned char temp;
  35   1          for (i = 0; i < 4; i++) {
  36   2              temp = iNum % 10;
  37   2              iNum = iNum / 10;
  38   2              P2 = pos;
  39   2              output_7seg(temp);
  40   2              delay_500ms();  // Adjusted delay for approximately 500ms
  41   2              pos = pos >> 1;
  42   2          }
  43   1      }
  44          
  45          // Function to initialize the system
  46          void init() {
  47   1          P3_2 = 1;   // Set P3_2 as an input
  48   1          IE = 0x81;  // Enable External Interrupt 0 and global interrupts
  49   1          IT0 = 1;    // External interrupt 0 triggered on the falling edge
  50   1      }
  51          
  52          // Main function
  53          void main() {
  54   1          init();  // Initialize the system
  55   1          while (1) {
C51 COMPILER V9.52.0.0   CAU_3                                                             12/09/2023 15:40:36 PAGE 2   

  56   2              display_number(count);  // Display the current count
  57   2          }
  58   1      }


MODULE INFORMATION:   STATIC OVERLAYABLE
   CODE SIZE        =    206    ----
   CONSTANT SIZE    =     10    ----
   XDATA SIZE       =   ----    ----
   PDATA SIZE       =   ----    ----
   DATA SIZE        =      2      17
   IDATA SIZE       =   ----    ----
   BIT SIZE         =   ----    ----
END OF MODULE INFORMATION.


C51 COMPILATION COMPLETE.  0 WARNING(S),  0 ERROR(S)
