C51 COMPILER V9.52.0.0   PROP3                                                             11/11/2023 16:19:36 PAGE 1   


C51 COMPILER V9.52.0.0, COMPILATION OF MODULE PROP3
OBJECT MODULE PLACED IN prop3.OBJ
COMPILER INVOKED BY: C:\Keil_v5\C51\BIN\C51.EXE prop3.c BROWSE DEBUG OBJECTEXTEND TABS(2)

line level    source

   1          #include <at89x51.h>
   2          #include <stdio.h>
   3          #define DELAYTIME   65000 
   4          unsigned int temp1;
   5          void delay(unsigned int temp)
   6          {
   7   1      
   8   1      while(--temp);
   9   1      }
  10          void main()
  11          {
  12   1      
  13   1      P1=0;//LED isoff
  14   1      
  15   1      while(1)
  16   1      {
  17   2      
  18   2      P1=1;
  19   2      P2=0Xc0;
  20   2      temp1=DELAYTIME;
  21   2      delay(temp1);
  22   2      
  23   2      P1=2;
  24   2      P2=0XF9;
  25   2      temp1=DELAYTIME;
  26   2      delay(temp1);
  27   2      
  28   2      P1=4;
  29   2      P2=0XA4;
  30   2      temp1=DELAYTIME;
  31   2      delay(temp1);
  32   2      
  33   2      P1=8;
  34   2        P2=0XB0;
  35   2      temp1=DELAYTIME;
  36   2      delay(temp1);
  37   2      
  38   2      P1=1;
  39   2      P2=0X99;
  40   2      temp1=DELAYTIME;
  41   2      delay(temp1);
  42   2      
  43   2      P1=2;
  44   2      P2=0X92;
  45   2      temp1=DELAYTIME;
  46   2      delay(temp1);
  47   2      
  48   2      P1=4;
  49   2      P2=0X82;
  50   2      temp1=DELAYTIME;
  51   2      delay(temp1);
  52   2      
  53   2      P1=8;
  54   2      P2=0Xf8;
  55   2      temp1=DELAYTIME;
C51 COMPILER V9.52.0.0   PROP3                                                             11/11/2023 16:19:36 PAGE 2   

  56   2      delay(temp1);
  57   2      
  58   2      P1=1;
  59   2      P2=0X80;
  60   2      temp1=DELAYTIME;
  61   2      delay(temp1);
  62   2      
  63   2      P1=2;
  64   2      P2=0X90;
  65   2      temp1=DELAYTIME;
  66   2      delay(temp1);
  67   2      
  68   2      P1=4;
  69   2      P2=0X08;
  70   2      temp1=DELAYTIME;
  71   2      delay(temp1);
  72   2      
  73   2      P1=8;
  74   2      P2=0X03;
  75   2      temp1=DELAYTIME;
  76   2      delay(temp1);
  77   2      
  78   2      P1=1;
  79   2      P2=0X46;
  80   2      temp1=DELAYTIME;
  81   2      delay(temp1);
  82   2      
  83   2      P1=2;
  84   2      P2=0X21;
  85   2      temp1=DELAYTIME;
  86   2      delay(temp1);
  87   2      
  88   2      P1=4;
  89   2      P2=0X06;
  90   2      temp1=DELAYTIME;
  91   2      delay(temp1);
  92   2      
  93   2      P1=8;
  94   2      P2=0X0E;
  95   2      temp1=DELAYTIME;
  96   2      delay(temp1);
  97   2      temp1=DELAYTIME;
  98   2      delay(temp1);
  99   2      }
 100   1      }


MODULE INFORMATION:   STATIC OVERLAYABLE
   CODE SIZE        =    173    ----
   CONSTANT SIZE    =   ----    ----
   XDATA SIZE       =   ----    ----
   PDATA SIZE       =   ----    ----
   DATA SIZE        =      2    ----
   IDATA SIZE       =   ----    ----
   BIT SIZE         =   ----    ----
END OF MODULE INFORMATION.


C51 COMPILATION COMPLETE.  0 WARNING(S),  0 ERROR(S)
