C51 COMPILER V9.52.0.0   CAU_1                                                             12/09/2023 13:50:06 PAGE 1   


C51 COMPILER V9.52.0.0, COMPILATION OF MODULE CAU_1
OBJECT MODULE PLACED IN cau_1.OBJ
COMPILER INVOKED BY: C:\Keil\C51\BIN\C51.EXE cau_1.c BROWSE DEBUG OBJECTEXTEND TABS(2)

line level    source

   1          #include <at89x51.h>
   2          void main() {
   3   1      P3_0 = 1;
   4   1      TMOD = 0x02;
   5   1      TH0 = 0x9C; 
   6   1      TR0 = 1;
   7   1      while (1) {
   8   2      while (!TF0); 
   9   2      TF0 = 0; 
  10   2      P3_0 = !P3_0; 
  11   2      }
  12   1      }


MODULE INFORMATION:   STATIC OVERLAYABLE
   CODE SIZE        =     19    ----
   CONSTANT SIZE    =   ----    ----
   XDATA SIZE       =   ----    ----
   PDATA SIZE       =   ----    ----
   DATA SIZE        =   ----    ----
   IDATA SIZE       =   ----    ----
   BIT SIZE         =   ----    ----
END OF MODULE INFORMATION.


C51 COMPILATION COMPLETE.  0 WARNING(S),  0 ERROR(S)
