C51 COMPILER V9.52.0.0   B_I_2_1                                                           11/18/2023 21:05:54 PAGE 1   


C51 COMPILER V9.52.0.0, COMPILATION OF MODULE B_I_2_1
OBJECT MODULE PLACED IN bài 2_1.OBJ
COMPILER INVOKED BY: C:\Keil_v5\C51\BIN\C51.EXE bài 2_1.c BROWSE DEBUG OBJECTEXTEND TABS(2)

line level    source

   1          #include < at89x51.h> 
   2          //delay 2ms
   3          void delay(){  
   4   1        int i; 
   5   1        for(i=1;i<240;i++); 
   6   1      }
   7          /*void delay_ms(unsigned int x){ 
   8            unsigned char k; 
   9            while(x-- > 0){ 
  10              for(k=0;k<100;k++) {;} 
  11            } 
  12          }*/
  13          unsigned char num[10] = {0xc0,0xf9,0xa4,0xb0,0x99,0x92,0x82,0xf8,0x80,0x90 }; 
  14          
  15          void main(){ 
  16   1        int x,j,i=0 ; 
  17   1        while(1){
  18   2          for(i=0;i<10;i++)
  19   2          for(j=0;j<10;j++){
  20   3          for(x=250;x>0;x--){     
  21   4            P0 = 0xFF;
  22   4            P0 = num[j] ; 
  23   4            P1 = 0xff;  
  24   4            delay();
  25   4            P0 = 0xFF;
  26   4            P0 = num[i];
  27   4            P1 = 0x00; 
  28   4            delay();
  29   4          }
  30   3        }   
  31   2        } 
  32   1      } 


MODULE INFORMATION:   STATIC OVERLAYABLE
   CODE SIZE        =     95    ----
   CONSTANT SIZE    =   ----    ----
   XDATA SIZE       =   ----    ----
   PDATA SIZE       =   ----    ----
   DATA SIZE        =     10    ----
   IDATA SIZE       =   ----    ----
   BIT SIZE         =   ----    ----
END OF MODULE INFORMATION.


C51 COMPILATION COMPLETE.  0 WARNING(S),  0 ERROR(S)
