C51 COMPILER V9.52.0.0   B_I_1                                                             11/18/2023 20:08:46 PAGE 1   


C51 COMPILER V9.52.0.0, COMPILATION OF MODULE B_I_1
OBJECT MODULE PLACED IN bài 1.OBJ
COMPILER INVOKED BY: C:\Keil_v5\C51\BIN\C51.EXE bài 1.c BROWSE DEBUG OBJECTEXTEND TABS(2)

line level    source

   1          #include<at89x51.h>
   2          int dem=0;
   3          int chuc;
   4          void delay(unsigned long time)
   5          {
   6   1      unsigned long i;
   7   1      for(i=0;i<time;i++)
   8   1      {
   9   2      }
  10   1      }
  11          void main(void)
  12          {
  13   1      P2=0x00;
  14   1      while(dem<10)
  15   1      {
  16   2      P2=dem;
  17   2      dem++;
  18   2      
  19   2      delay(10000);
  20   2      
  21   2      }
  22   1      P0++;
  23   1      }


MODULE INFORMATION:   STATIC OVERLAYABLE
   CODE SIZE        =    106    ----
   CONSTANT SIZE    =   ----    ----
   XDATA SIZE       =   ----    ----
   PDATA SIZE       =   ----    ----
   DATA SIZE        =      4       8
   IDATA SIZE       =   ----    ----
   BIT SIZE         =   ----    ----
END OF MODULE INFORMATION.


C51 COMPILATION COMPLETE.  0 WARNING(S),  0 ERROR(S)
