C51 COMPILER V9.52.0.0   PROP4                                                             11/17/2023 21:24:49 PAGE 1   


C51 COMPILER V9.52.0.0, COMPILATION OF MODULE PROP4
OBJECT MODULE PLACED IN prop4.OBJ
COMPILER INVOKED BY: C:\Keil_v5\C51\BIN\C51.EXE prop4.c BROWSE DEBUG OBJECTEXTEND TABS(2)

line level    source

   1          #include <at89x51.h>
   2          void delay()
   3          
   4          {
   5   1        int i;
   6   1      for(i=1;i<200;i++);
   7   1      
   8   1      }
   9          unsigned char num[10]={0xc0, 0xf9, 0xa4, 0xb0, 0x99, 0x92, 0x82, 0xf8,0x80,0x90};
  10          void main()
  11          
  12          {
  13   1      
  14   1      
  15   1      int x,m,n,j,i=0;
  16   1      
  17   1      unsigned char p0;
  18   1      
  19   1      while(1)
  20   1      
  21   1      {
  22   2        i=0;n=0,m=0;
  23   2      
  24   2      j=0;
  25   2      for(m=0;m<10;m++)
  26   2      for(n=0;n<10;n++)
  27   2      for(i=0;i<10;i++)
  28   2      
  29   2      for(j=0;j<10;j++)
  30   2        
  31   2      for(x=100;x>0;x--)
  32   2      
  33   2      {
  34   3      P0=num[j];
  35   3      P1 =0xfe;
  36   3      delay();
  37   3      P1=0xff;
  38   3      
  39   3      P1=0xfd;
  40   3      
  41   3      P0=num[i];
  42   3      delay();
  43   3      P1=0xff;
  44   3      P1=0xfb;
  45   3      
  46   3      P0=num[n];
  47   3      
  48   3      delay();
  49   3      P1=0xff;
  50   3      P1=0xf7;
  51   3      
  52   3      P0=num[m];
  53   3      
  54   3      delay();
  55   3      P1=0xff;
C51 COMPILER V9.52.0.0   PROP4                                                             11/17/2023 21:24:49 PAGE 2   

  56   3      }
  57   2      
  58   2      }
  59   1      
  60   1      }
*** WARNING C280 IN LINE 17 OF prop4.c: 'p0': unreferenced local variable


MODULE INFORMATION:   STATIC OVERLAYABLE
   CODE SIZE        =    185    ----
   CONSTANT SIZE    =   ----    ----
   XDATA SIZE       =   ----    ----
   PDATA SIZE       =   ----    ----
   DATA SIZE        =     10       5
   IDATA SIZE       =   ----    ----
   BIT SIZE         =   ----    ----
END OF MODULE INFORMATION.


C51 COMPILATION COMPLETE.  1 WARNING(S),  0 ERROR(S)
